<?xml version="1.0" encoding="UTF-8"?>
<testng-results skipped="0" failed="0" ignored="0" total="1" passed="1">
  <reporter-output>
  </reporter-output>
  <suite name="Suite" duration-ms="75" started-at="2021-12-20T07:17:59 EST" finished-at="2021-12-20T07:17:59 EST">
    <groups>
    </groups>
    <test name="Test" duration-ms="75" started-at="2021-12-20T07:17:59 EST" finished-at="2021-12-20T07:17:59 EST">
      <class name="JenkinsHello.NewTest">
        <test-method status="PASS" signature="f()[pri:0, instance:JenkinsHello.NewTest@80503]" name="f" duration-ms="13" started-at="2021-12-20T07:17:59 EST" finished-at="2021-12-20T07:17:59 EST">
          <reporter-output>
          </reporter-output>
        </test-method> <!-- f -->
      </class> <!-- JenkinsHello.NewTest -->
    </test> <!-- Test -->
  </suite> <!-- Suite -->
</testng-results>
