<?xml version="1.0" encoding="UTF-8"?>
<testng-results skipped="0" failed="0" ignored="0" total="1" passed="1">
  <reporter-output>
  </reporter-output>
  <suite name="Default suite" duration-ms="79" started-at="2021-12-23T02:34:16 EST" finished-at="2021-12-23T02:34:16 EST">
    <groups>
    </groups>
    <test name="Default test" duration-ms="79" started-at="2021-12-23T02:34:16 EST" finished-at="2021-12-23T02:34:16 EST">
      <class name="JenkinsHello.NewTest">
        <test-method status="PASS" signature="f()[pri:0, instance:JenkinsHello.NewTest@80503]" name="f" duration-ms="14" started-at="2021-12-23T02:34:16 EST" finished-at="2021-12-23T02:34:16 EST">
          <reporter-output>
          </reporter-output>
        </test-method> <!-- f -->
      </class> <!-- JenkinsHello.NewTest -->
    </test> <!-- Default test -->
  </suite> <!-- Default suite -->
</testng-results>
